<?xml version="1.0" encoding="utf-8"?><testsuites name="pytest tests"><testsuite name="pytest" errors="0" failures="2" skipped="3" tests="14" time="6.552" timestamp="2026-01-12T03:26:26.125302+00:00" hostname="agent-env-55ced5f0-2aaf-425d-95ec-02ea06c7e181"><testcase classname="tests.test_payments_flow.TestAuthFlow" name="test_collaborator_login" time="0.336" /><testcase classname="tests.test_payments_flow.TestAuthFlow" name="test_contador_login" time="0.262" /><testcase classname="tests.test_payments_flow.TestAuthFlow" name="test_admin_login" time="0.260" /><testcase classname="tests.test_payments_flow.TestPaymentCreation" name="test_collaborator_can_list_active_contracts" time="0.298" /><testcase classname="tests.test_payments_flow.TestPaymentCreation" name="test_collaborator_can_create_payment" time="0.390" /><testcase classname="tests.test_payments_flow.TestPaymentUploadAndApproval" name="test_collaborator_can_upload_bill" time="0.459"><failure message="AssertionError: Upload failed: {&quot;detail&quot;:&quot;Failed to upload file&quot;}&#10;assert 520 == 200&#10; +  where 520 = &lt;Response [520]&gt;.status_code">tests/test_payments_flow.py:168: in test_collaborator_can_upload_bill
    assert response.status_code == 200, f"Upload failed: {response.text}"
E   AssertionError: Upload failed: {"detail":"Failed to upload file"}
E   assert 520 == 200
E    +  where 520 = &lt;Response [520]&gt;.status_code</failure></testcase><testcase classname="tests.test_payments_flow.TestPaymentUploadAndApproval" name="test_contador_can_see_pending_payments" time="0.293" /><testcase classname="tests.test_payments_flow.TestPaymentUploadAndApproval" name="test_contador_can_approve_payment" time="0.709"><failure message="AssertionError: Upload failed: {&quot;detail&quot;:&quot;Failed to upload file&quot;}&#10;assert 520 == 200&#10; +  where 520 = &lt;Response [520]&gt;.status_code">tests/test_payments_flow.py:203: in test_contador_can_approve_payment
    assert upload_response.status_code == 200, f"Upload failed: {upload_response.text}"
E   AssertionError: Upload failed: {"detail":"Failed to upload file"}
E   assert 520 == 200
E    +  where 520 = &lt;Response [520]&gt;.status_code</failure></testcase><testcase classname="tests.test_payments_flow.TestPaymentRejection" name="test_contador_can_reject_payment_with_reason" time="0.625"><skipped type="pytest.skip" message="Failed to upload bill: {&quot;detail&quot;:&quot;Failed to upload file&quot;}">/app/tests/test_payments_flow.py:284: Failed to upload bill: {"detail":"Failed to upload file"}</skipped></testcase><testcase classname="tests.test_payments_flow.TestPaymentRejection" name="test_collaborator_sees_rejection_reason" time="0.624"><skipped type="pytest.skip" message="Failed to upload bill: {&quot;detail&quot;:&quot;Failed to upload file&quot;}">/app/tests/test_payments_flow.py:308: Failed to upload bill: {"detail":"Failed to upload file"}</skipped></testcase><testcase classname="tests.test_payments_flow.TestPaymentRejection" name="test_collaborator_can_resubmit_after_rejection" time="0.627"><skipped type="pytest.skip" message="Failed to upload bill: {&quot;detail&quot;:&quot;Failed to upload file&quot;}">/app/tests/test_payments_flow.py:332: Failed to upload bill: {"detail":"Failed to upload file"}</skipped></testcase><testcase classname="tests.test_payments_flow.TestRejectAPIEndpoint" name="test_reject_requires_accountant_role" time="0.312" /><testcase classname="tests.test_payments_flow.TestRejectAPIEndpoint" name="test_reject_returns_404_for_invalid_payment" time="0.296" /><testcase classname="tests.test_payments_flow.TestRejectAPIEndpoint" name="test_reject_requires_pending_approval_status" time="0.922" /></testsuite></testsuites>