<?xml version="1.0" encoding="utf-8"?><testsuites name="pytest tests"><testsuite name="pytest" errors="0" failures="0" skipped="0" tests="23" time="3.887" timestamp="2026-03-13T20:33:29.757501+00:00" hostname="agent-env-616af6bb-fe86-4562-b1b7-241916dcaf59"><testcase classname="backend.tests.test_integration_endpoints.TestAuthenticationEndpoints" name="test_superadmin_login" time="0.589" /><testcase classname="backend.tests.test_integration_endpoints.TestAuthenticationEndpoints" name="test_admin_login" time="0.322" /><testcase classname="backend.tests.test_integration_endpoints.TestIntegrationStatusEndpoint" name="test_integration_status_with_superadmin" time="0.521" /><testcase classname="backend.tests.test_integration_endpoints.TestIntegrationStatusEndpoint" name="test_integration_status_with_admin" time="0.365" /><testcase classname="backend.tests.test_integration_endpoints.TestIntegrationStatusEndpoint" name="test_integration_status_without_auth" time="0.051" /><testcase classname="backend.tests.test_integration_endpoints.TestIntegrationStatusEndpoint" name="test_integration_status_with_collaborator_fails" time="0.352" /><testcase classname="backend.tests.test_integration_endpoints.TestIntegrationHealthEndpoint" name="test_integration_health_returns_status" time="0.216" /><testcase classname="backend.tests.test_integration_endpoints.TestIntegrationHealthEndpoint" name="test_integration_health_with_auth" time="0.172" /><testcase classname="backend.tests.test_integration_endpoints.TestIntegrationRetryEndpoint" name="test_retry_nonexistent_payment" time="0.064" /><testcase classname="backend.tests.test_integration_endpoints.TestIntegrationRetryEndpoint" name="test_retry_without_auth" time="0.063" /><testcase classname="backend.tests.test_integration_endpoints.TestPresupuestoWebhook" name="test_webhook_invalid_source" time="0.125" /><testcase classname="backend.tests.test_integration_endpoints.TestPresupuestoWebhook" name="test_webhook_valid_source_nonexistent_payment" time="0.069" /><testcase classname="backend.tests.test_integration_endpoints.TestPresupuestoWebhook" name="test_webhook_unsupported_event_type" time="0.082" /><testcase classname="backend.tests.test_integration_endpoints.TestPaymentEditEndpoint" name="test_superadmin_can_get_payments" time="0.062" /><testcase classname="backend.tests.test_integration_endpoints.TestPaymentEditEndpoint" name="test_edit_nonexistent_payment" time="0.059" /><testcase classname="backend.tests.test_integration_endpoints.TestPaymentEditEndpoint" name="test_collaborator_cannot_edit_payment" time="0.086" /><testcase classname="backend.tests.test_integration_endpoints.TestPaymentApproveEndpoint" name="test_approve_nonexistent_payment" time="0.094" /><testcase classname="backend.tests.test_integration_endpoints.TestPaymentApproveEndpoint" name="test_approve_without_auth" time="0.065" /><testcase classname="backend.tests.test_integration_endpoints.TestPaymentRejectEndpoint" name="test_reject_nonexistent_payment" time="0.099" /><testcase classname="backend.tests.test_integration_endpoints.TestPaymentRejectEndpoint" name="test_reject_without_auth" time="0.073" /><testcase classname="backend.tests.test_integration_endpoints.TestRoleBasedAccessControl" name="test_superadmin_has_accountant_permissions" time="0.079" /><testcase classname="backend.tests.test_integration_endpoints.TestRoleBasedAccessControl" name="test_superadmin_has_admin_permissions" time="0.072" /><testcase classname="backend.tests.test_integration_endpoints.TestRoleBasedAccessControl" name="test_superadmin_can_list_users" time="0.080" /></testsuite></testsuites>