<?xml version="1.0" encoding="utf-8"?><testsuites name="pytest tests"><testsuite name="pytest" errors="0" failures="0" skipped="0" tests="14" time="103.756" timestamp="2026-01-12T03:27:11.541401+00:00" hostname="agent-env-55ced5f0-2aaf-425d-95ec-02ea06c7e181"><testcase classname="tests.test_payments_flow.TestAuthFlow" name="test_collaborator_login" time="0.302" /><testcase classname="tests.test_payments_flow.TestAuthFlow" name="test_contador_login" time="0.262" /><testcase classname="tests.test_payments_flow.TestAuthFlow" name="test_admin_login" time="0.259" /><testcase classname="tests.test_payments_flow.TestPaymentCreation" name="test_collaborator_can_list_active_contracts" time="0.295" /><testcase classname="tests.test_payments_flow.TestPaymentCreation" name="test_collaborator_can_create_payment" time="0.370" /><testcase classname="tests.test_payments_flow.TestPaymentUploadAndApproval" name="test_collaborator_can_upload_bill" time="14.083" /><testcase classname="tests.test_payments_flow.TestPaymentUploadAndApproval" name="test_contador_can_see_pending_payments" time="0.294" /><testcase classname="tests.test_payments_flow.TestPaymentUploadAndApproval" name="test_contador_can_approve_payment" time="18.632" /><testcase classname="tests.test_payments_flow.TestPaymentRejection" name="test_contador_can_reject_payment_with_reason" time="18.613" /><testcase classname="tests.test_payments_flow.TestPaymentRejection" name="test_collaborator_sees_rejection_reason" time="18.395" /><testcase classname="tests.test_payments_flow.TestPaymentRejection" name="test_collaborator_can_resubmit_after_rejection" time="30.625" /><testcase classname="tests.test_payments_flow.TestRejectAPIEndpoint" name="test_reject_requires_accountant_role" time="0.303" /><testcase classname="tests.test_payments_flow.TestRejectAPIEndpoint" name="test_reject_returns_404_for_invalid_payment" time="0.342" /><testcase classname="tests.test_payments_flow.TestRejectAPIEndpoint" name="test_reject_requires_pending_approval_status" time="0.930" /></testsuite></testsuites>